{"message":"正在监听 4000 端口","level":"info","service":"user-service"}
{"message":"正在监听 4000 端口","level":"info","service":"user-service"}
{"message":"正在监听 4000 端口","level":"info","service":"user-service"}
{"message":"正在监听 4000 端口","level":"info","service":"user-service"}
{"service":"user-service","level":"info","message":"route:%s"}
{"message":"正在监听 4000 端口","level":"info","service":"user-service"}
{"service":"user-service","level":"info","message":"route:%s"}
{"message":"正在监听 4000 端口","level":"info","service":"user-service"}
{"service":"user-service","level":"info","message":"route:%s"}
{"message":"","level":"info","service":"user-service"}
{"message":"正在监听 4000 端口","level":"info","service":"user-service"}
{"message":"正在监听 4000 端口","level":"info","service":"user-service"}
{"message":"正在监听 4000 端口","level":"info","service":"user-service"}
{"service":"user-service","level":"info","message":"route:%s"}
{"message":"\"\"","level":"info","service":"user-service"}
{"message":"正在监听 4000 端口","level":"info","service":"user-service"}
{"service":"user-service","level":"info","message":"route:%s"}
{"message":"\"\"","level":"info","service":"user-service"}
{"message":{"type":"Buffer","data":[123,34,102,105,108,101,110,97,109,101,34,58,34,120,118,105,100,101,111,115,46,99,111,109,95,54,49,50,56,99,52,48,97,57,50,98,100,99,101,55,51,97,97,97,98,57,101,100,56,56,99,98,100,102,98,51,99,46,109,112,52,34,44,34,115,105,122,101,34,58,49,48,52,56,53,55,54,48,44,34,102,105,108,101,72,97,115,104,34,58,34,102,97,57,102,102,55,101,98,97,48,49,100,102,100,55,51,99,49,52,57,51,51,55,99,56,102,57,53,56,49,56,52,34,125]},"level":"info","service":"user-service"}
{"message":{"type":"Buffer","data":[123,34,102,105,108,101,110,97,109,101,34,58,34,120,118,105,100,101,111,115,46,99,111,109,95,54,49,50,56,99,52,48,97,57,50,98,100,99,101,55,51,97,97,97,98,57,101,100,56,56,99,98,100,102,98,51,99,46,109,112,52,34,44,34,115,105,122,101,34,58,49,48,52,56,53,55,54,48,44,34,102,105,108,101,72,97,115,104,34,58,34,102,97,57,102,102,55,101,98,97,48,49,100,102,100,55,51,99,49,52,57,51,51,55,99,56,102,57,53,56,49,56,52,34,125]},"level":"info","service":"user-service"}
{"message":"正在监听 4000 端口","level":"info","service":"user-service"}
{"service":"user-service","level":"info","message":"route:%s"}
{"message":{"type":"Buffer","data":[123,34,102,105,108,101,110,97,109,101,34,58,34,120,118,105,100,101,111,115,46,99,111,109,95,54,49,50,56,99,52,48,97,57,50,98,100,99,101,55,51,97,97,97,98,57,101,100,56,56,99,98,100,102,98,51,99,46,109,112,52,34,44,34,115,105,122,101,34,58,49,48,52,56,53,55,54,48,44,34,102,105,108,101,72,97,115,104,34,58,34,102,97,57,102,102,55,101,98,97,48,49,100,102,100,55,51,99,49,52,57,51,51,55,99,56,102,57,53,56,49,56,52,34,125]},"level":"info","service":"user-service"}
{"message":"missing content-type header","level":"error","service":"user-service"}
{"message":"正在监听 4000 端口","level":"info","service":"user-service"}
{"service":"user-service","level":"info","message":"route:%s"}
{"message":{"type":"Buffer","data":[123,34,102,105,108,101,110,97,109,101,34,58,34,120,118,105,100,101,111,115,46,99,111,109,95,54,49,50,56,99,52,48,97,57,50,98,100,99,101,55,51,97,97,97,98,57,101,100,56,56,99,98,100,102,98,51,99,46,109,112,52,34,44,34,115,105,122,101,34,58,49,48,52,56,53,55,54,48,44,34,102,105,108,101,72,97,115,104,34,58,34,102,97,57,102,102,55,101,98,97,48,49,100,102,100,55,51,99,49,52,57,51,51,55,99,56,102,57,53,56,49,56,52,34,125]},"level":"info","service":"user-service"}
{"message":"正在监听 4000 端口","level":"info","service":"user-service"}
{"service":"user-service","level":"info","message":"route:%s"}
{"message":{"type":"Buffer","data":[123,34,102,105,108,101,110,97,109,101,34,58,34,120,118,105,100,101,111,115,46,99,111,109,95,54,49,50,56,99,52,48,97,57,50,98,100,99,101,55,51,97,97,97,98,57,101,100,56,56,99,98,100,102,98,51,99,46,109,112,52,34,44,34,115,105,122,101,34,58,49,48,52,56,53,55,54,48,44,34,102,105,108,101,72,97,115,104,34,58,34,102,97,57,102,102,55,101,98,97,48,49,100,102,100,55,51,99,49,52,57,51,51,55,99,56,102,57,53,56,49,56,52,34,125]},"level":"info","service":"user-service"}
{"message":"正在监听 4000 端口","level":"info","service":"user-service"}
{"service":"user-service","level":"info","message":"route:%s"}
{"message":{"type":"Buffer","data":[123,34,102,105,108,101,110,97,109,101,34,58,34,120,118,105,100,101,111,115,46,99,111,109,95,54,49,50,56,99,52,48,97,57,50,98,100,99,101,55,51,97,97,97,98,57,101,100,56,56,99,98,100,102,98,51,99,46,109,112,52,34,44,34,115,105,122,101,34,58,49,48,52,56,53,55,54,48,44,34,102,105,108,101,72,97,115,104,34,58,34,102,97,57,102,102,55,101,98,97,48,49,100,102,100,55,51,99,49,52,57,51,51,55,99,56,102,57,53,56,49,56,52,34,125]},"level":"info","service":"user-service"}
{"service":"user-service","level":"info","message":"path: %s size: %n"}
{"service":"user-service","level":"info","message":"path: %s size: %n"}
{"service":"user-service","level":"info","message":"path: %s size: %n"}
{"service":"user-service","level":"info","message":"path: %s size: %n"}
{"message":"正在监听 4000 端口","level":"info","service":"user-service"}
{"service":"user-service","level":"info","message":"route:%s"}
{"message":{"type":"Buffer","data":[123,34,102,105,108,101,110,97,109,101,34,58,34,120,118,105,100,101,111,115,46,99,111,109,95,54,49,50,56,99,52,48,97,57,50,98,100,99,101,55,51,97,97,97,98,57,101,100,56,56,99,98,100,102,98,51,99,46,109,112,52,34,44,34,115,105,122,101,34,58,49,48,52,56,53,55,54,48,44,34,102,105,108,101,72,97,115,104,34,58,34,102,97,57,102,102,55,101,98,97,48,49,100,102,100,55,51,99,49,52,57,51,51,55,99,56,102,57,53,56,49,56,52,34,125]},"level":"info","service":"user-service"}
{"message":"path: fa9ff7eba01dfd73c149337c8f958184-0 size: 0","level":"info","service":"user-service"}
{"message":"path: fa9ff7eba01dfd73c149337c8f958184-1 size: 1","level":"info","service":"user-service"}
{"message":"path: fa9ff7eba01dfd73c149337c8f958184-2 size: 2","level":"info","service":"user-service"}
{"message":"path: fa9ff7eba01dfd73c149337c8f958184-3 size: 3","level":"info","service":"user-service"}
{"message":"正在监听 4000 端口","level":"info","service":"user-service"}
{"service":"user-service","level":"info","message":"route:%s"}
{"message":{"type":"Buffer","data":[123,34,102,105,108,101,110,97,109,101,34,58,34,120,118,105,100,101,111,115,46,99,111,109,95,54,49,50,56,99,52,48,97,57,50,98,100,99,101,55,51,97,97,97,98,57,101,100,56,56,99,98,100,102,98,51,99,46,109,112,52,34,44,34,115,105,122,101,34,58,49,48,52,56,53,55,54,48,44,34,102,105,108,101,72,97,115,104,34,58,34,102,97,57,102,102,55,101,98,97,48,49,100,102,100,55,51,99,49,52,57,51,51,55,99,56,102,57,53,56,49,56,52,34,125]},"level":"info","service":"user-service"}
{"message":"正在监听 4000 端口","level":"info","service":"user-service"}
{"service":"user-service","level":"info","message":"route:%s"}
{"message":{"type":"Buffer","data":[123,34,102,105,108,101,110,97,109,101,34,58,34,120,118,105,100,101,111,115,46,99,111,109,95,54,49,50,56,99,52,48,97,57,50,98,100,99,101,55,51,97,97,97,98,57,101,100,56,56,99,98,100,102,98,51,99,46,109,112,52,34,44,34,115,105,122,101,34,58,49,48,52,56,53,55,54,48,44,34,102,105,108,101,72,97,115,104,34,58,34,102,97,57,102,102,55,101,98,97,48,49,100,102,100,55,51,99,49,52,57,51,51,55,99,56,102,57,53,56,49,56,52,34,125]},"level":"info","service":"user-service"}
{"message":"正在监听 4000 端口","level":"info","service":"user-service"}
{"message":"正在监听 4000 端口","level":"info","service":"user-service"}
{"service":"user-service","level":"info","message":"route:%s"}
{"message":{"type":"Buffer","data":[123,34,102,105,108,101,104,97,115,104,34,58,34,102,97,57,102,102,55,101,98,97,48,49,100,102,100,55,51,99,49,52,57,51,51,55,99,56,102,57,53,56,49,56,52,34,44,34,102,105,108,101,110,97,109,101,34,58,34,120,118,105,100,101,111,115,46,99,111,109,95,54,49,50,56,99,52,48,97,57,50,98,100,99,101,55,51,97,97,97,98,57,101,100,56,56,99,98,100,102,98,51,99,46,109,112,52,34,44,34,104,97,115,104,34,58,34,102,97,57,102,102,55,101,98,97,48,49,100,102,100,55,51,99,49,52,57,51,51,55,99,56,102,57,53,56,49,56,52,34,125]},"level":"info","service":"user-service"}
{"message":"正在监听 4000 端口","level":"info","service":"user-service"}
{"message":"正在监听 4000 端口","level":"info","service":"user-service"}
{"message":{"type":"Buffer","data":[123,34,102,105,108,101,104,97,115,104,34,58,34,102,97,57,102,102,55,101,98,97,48,49,100,102,100,55,51,99,49,52,57,51,51,55,99,56,102,57,53,56,49,56,52,34,44,34,102,105,108,101,110,97,109,101,34,58,34,120,118,105,100,101,111,115,46,99,111,109,95,54,49,50,56,99,52,48,97,57,50,98,100,99,101,55,51,97,97,97,98,57,101,100,56,56,99,98,100,102,98,51,99,46,109,112,52,34,44,34,104,97,115,104,34,58,34,102,97,57,102,102,55,101,98,97,48,49,100,102,100,55,51,99,49,52,57,51,51,55,99,56,102,57,53,56,49,56,52,34,125]},"level":"info","service":"user-service"}
{"message":"正在监听 4000 端口","level":"info","service":"user-service"}
{"message":{"type":"Buffer","data":[123,34,102,105,108,101,104,97,115,104,34,58,34,102,97,57,102,102,55,101,98,97,48,49,100,102,100,55,51,99,49,52,57,51,51,55,99,56,102,57,53,56,49,56,52,34,44,34,102,105,108,101,110,97,109,101,34,58,34,120,118,105,100,101,111,115,46,99,111,109,95,54,49,50,56,99,52,48,97,57,50,98,100,99,101,55,51,97,97,97,98,57,101,100,56,56,99,98,100,102,98,51,99,46,109,112,52,34,44,34,104,97,115,104,34,58,34,102,97,57,102,102,55,101,98,97,48,49,100,102,100,55,51,99,49,52,57,51,51,55,99,56,102,57,53,56,49,56,52,34,125]},"level":"info","service":"user-service"}
{"message":{"type":"Buffer","data":[123,34,102,105,108,101,104,97,115,104,34,58,34,102,97,57,102,102,55,101,98,97,48,49,100,102,100,55,51,99,49,52,57,51,51,55,99,56,102,57,53,56,49,56,52,34,44,34,102,105,108,101,110,97,109,101,34,58,34,120,118,105,100,101,111,115,46,99,111,109,95,54,49,50,56,99,52,48,97,57,50,98,100,99,101,55,51,97,97,97,98,57,101,100,56,56,99,98,100,102,98,51,99,46,109,112,52,34,44,34,104,97,115,104,34,58,34,102,97,57,102,102,55,101,98,97,48,49,100,102,100,55,51,99,49,52,57,51,51,55,99,56,102,57,53,56,49,56,52,34,125]},"level":"info","service":"user-service"}
{"message":{"type":"Buffer","data":[123,34,102,105,108,101,104,97,115,104,34,58,34,102,97,57,102,102,55,101,98,97,48,49,100,102,100,55,51,99,49,52,57,51,51,55,99,56,102,57,53,56,49,56,52,34,44,34,102,105,108,101,110,97,109,101,34,58,34,120,118,105,100,101,111,115,46,99,111,109,95,54,49,50,56,99,52,48,97,57,50,98,100,99,101,55,51,97,97,97,98,57,101,100,56,56,99,98,100,102,98,51,99,46,109,112,52,34,44,34,104,97,115,104,34,58,34,102,97,57,102,102,55,101,98,97,48,49,100,102,100,55,51,99,49,52,57,51,51,55,99,56,102,57,53,56,49,56,52,34,125]},"level":"info","service":"user-service"}
{"message":{"type":"Buffer","data":[123,34,102,105,108,101,110,97,109,101,34,58,34,120,118,105,100,101,111,115,46,99,111,109,95,54,49,50,56,99,52,48,97,57,50,98,100,99,101,55,51,97,97,97,98,57,101,100,56,56,99,98,100,102,98,51,99,46,109,112,52,34,44,34,115,105,122,101,34,58,49,48,52,56,53,55,54,48,44,34,102,105,108,101,72,97,115,104,34,58,34,102,97,57,102,102,55,101,98,97,48,49,100,102,100,55,51,99,49,52,57,51,51,55,99,56,102,57,53,56,49,56,52,34,125]},"level":"info","service":"user-service"}
